<?xml version='1.1' encoding='UTF-8'?>
<result plugin="junit@1.28">
  <suites>
    <suite>
      <file>/var/lib/jenkins/workspace/check-api.fdn.com/fdn.restassured.com/target/surefire-reports/TEST-TestSuite.xml</file>
      <name>TestSuite</name>
      <duration>27.417</duration>
      <time>27.417</time>
      <enclosingBlocks/>
      <enclosingBlockNames/>
      <cases>
        <case>
          <duration>1.691</duration>
          <className>test.tc_get.get_beautyroundup</className>
          <testName>getbeautyroundup</testName>
          <skipped>false</skipped>
          <errorStackTrace>java.lang.AssertionError: 
1 expectation failed.
Expected header &quot;Server&quot; was not &quot;istio-envoy&quot;, was &quot;cloudflare&quot;. Headers are:
Date=Fri, 16 Aug 2019 12:03:31 GMT
Content-Type=application/json; charset=utf-8
Transfer-Encoding=chunked
Connection=keep-alive
Set-Cookie=__cfduid=d944e5fdc752f5fa9d7c527afec6d09aa1565957011; expires=Sat, 15-Aug-20 12:03:31 GMT; path=/; domain=.femaledaily.com; HttpOnly
content-encoding=gzip
vary=Accept-Encoding
x-envoy-upstream-service-time=15
Server=cloudflare
CF-RAY=507343fa7c34c39f-SIN

	at test.tc_get.get_beautyroundup.getbeautyroundup(get_beautyroundup.java:35)
</errorStackTrace>
          <errorDetails>1 expectation failed.
Expected header &quot;Server&quot; was not &quot;istio-envoy&quot;, was &quot;cloudflare&quot;. Headers are:
Date=Fri, 16 Aug 2019 12:03:31 GMT
Content-Type=application/json; charset=utf-8
Transfer-Encoding=chunked
Connection=keep-alive
Set-Cookie=__cfduid=d944e5fdc752f5fa9d7c527afec6d09aa1565957011; expires=Sat, 15-Aug-20 12:03:31 GMT; path=/; domain=.femaledaily.com; HttpOnly
content-encoding=gzip
vary=Accept-Encoding
x-envoy-upstream-service-time=15
Server=cloudflare
CF-RAY=507343fa7c34c39f-SIN
</errorDetails>
          <stdout>...
... TestNG 6.14.3 by CÃ©dric Beust (cedric@beust.com)
...

</stdout>
          <stderr>ERROR StatusLogger No Log4j 2 configuration file found. Using default configuration (logging only errors to the console), or user programmatically provided configurations. Set system property &apos;log4j2.debug&apos; to show Log4j 2 internal initialization logging. See https://logging.apache.org/log4j/2.x/manual/configuration.html for instructions on how to configure Log4j 2
log4j:WARN No appenders could be found for logger (org.apache.http.impl.conn.BasicClientConnectionManager).
log4j:WARN Please initialize the log4j system properly.
log4j:WARN See http://logging.apache.org/log4j/1.2/faq.html#noconfig for more info.
</stderr>
          <failedSince>503</failedSince>
        </case>
        <case>
          <duration>0.889</duration>
          <className>test.tc_get.get_blogarticle</className>
          <testName>getblogarticle</testName>
          <skipped>false</skipped>
          <failedSince>0</failedSince>
        </case>
        <case>
          <duration>0.169</duration>
          <className>test.tc_get.get_commentpost_web</className>
          <testName>getcommentpost_web</testName>
          <skipped>false</skipped>
          <failedSince>0</failedSince>
        </case>
        <case>
          <duration>0.143</duration>
          <className>test.tc_get.get_commentreview_web</className>
          <testName>getcommentpost_web</testName>
          <skipped>false</skipped>
          <failedSince>0</failedSince>
        </case>
        <case>
          <duration>0.732</duration>
          <className>test.tc_get.get_feed_apps</className>
          <testName>getfeed_web</testName>
          <skipped>false</skipped>
          <failedSince>0</failedSince>
        </case>
        <case>
          <duration>0.075</duration>
          <className>test.tc_get.get_feed_web</className>
          <testName>getfeed_web</testName>
          <skipped>false</skipped>
          <failedSince>0</failedSince>
        </case>
        <case>
          <duration>0.111</duration>
          <className>test.tc_get.get_feeddetail_web</className>
          <testName>getfeeddetail_web</testName>
          <skipped>false</skipped>
          <failedSince>0</failedSince>
        </case>
        <case>
          <duration>0.093</duration>
          <className>test.tc_get.get_feedreport</className>
          <testName>getfeed_web</testName>
          <skipped>false</skipped>
          <failedSince>0</failedSince>
        </case>
        <case>
          <duration>0.154</duration>
          <className>test.tc_get.get_follower_web</className>
          <testName>getfollower_web</testName>
          <skipped>false</skipped>
          <failedSince>0</failedSince>
        </case>
        <case>
          <duration>0.311</duration>
          <className>test.tc_get.get_following_web</className>
          <testName>getfollowing_web</testName>
          <skipped>false</skipped>
          <failedSince>0</failedSince>
        </case>
        <case>
          <duration>0.156</duration>
          <className>test.tc_get.get_newestreview</className>
          <testName>getnewestreview_web</testName>
          <skipped>false</skipped>
          <failedSince>0</failedSince>
        </case>
        <case>
          <duration>0.158</duration>
          <className>test.tc_get.get_notifcount</className>
          <testName>getnotifpage_web</testName>
          <skipped>false</skipped>
          <failedSince>0</failedSince>
        </case>
        <case>
          <duration>0.127</duration>
          <className>test.tc_get.get_notifpage</className>
          <testName>getnotifpage_web</testName>
          <skipped>false</skipped>
          <failedSince>0</failedSince>
        </case>
        <case>
          <duration>0.133</duration>
          <className>test.tc_get.get_postdetail</className>
          <testName>getnotifpage_web</testName>
          <skipped>false</skipped>
          <failedSince>0</failedSince>
        </case>
        <case>
          <duration>5.759</duration>
          <className>test.tc_get.get_productdetail_web</className>
          <testName>getproductdetail_web</testName>
          <skipped>false</skipped>
          <errorStackTrace>java.lang.IllegalArgumentException: Cannot invoke method getAt() on null object
	at test.tc_get.get_productdetail_web.getproductdetail_web(get_productdetail_web.java:39)
Caused by: java.lang.NullPointerException: Cannot invoke method getAt() on null object
	at test.tc_get.get_productdetail_web.getproductdetail_web(get_productdetail_web.java:39)
</errorStackTrace>
          <errorDetails>Cannot invoke method getAt() on null object</errorDetails>
          <stdout>{
    &quot;meta&quot;: {
        &quot;code&quot;: 500,
        &quot;msg&quot;: &quot;An error occurred&quot;
    },
    &quot;error&quot;: &quot;&quot;,
    &quot;data&quot;: {
        
    }
}
</stdout>
          <failedSince>506</failedSince>
        </case>
        <case>
          <duration>0.112</duration>
          <className>test.tc_get.get_productlist_web</className>
          <testName>getproductlist_web</testName>
          <skipped>false</skipped>
          <errorStackTrace>java.lang.IllegalArgumentException: Cannot invoke method getAt() on null object
	at test.tc_get.get_productlist_web.getproductlist_web(get_productlist_web.java:45)
Caused by: java.lang.NullPointerException: Cannot invoke method getAt() on null object
	at test.tc_get.get_productlist_web.getproductlist_web(get_productlist_web.java:45)
</errorStackTrace>
          <errorDetails>Cannot invoke method getAt() on null object</errorDetails>
          <stdout>Request method:	GET
Request URI:	https://api.femaledaily.com/app/v1/products?cat_slugs=cleanser
Proxy:			&lt;none&gt;
Request params:	&lt;none&gt;
Query params:	&lt;none&gt;
Form params:	&lt;none&gt;
Path params:	&lt;none&gt;
Headers:		version=1.5
				device=3
				key=client03-TSbs94s3q5H9PP2yNPBr
				Accept=*/*
Cookies:		&lt;none&gt;
Multiparts:		&lt;none&gt;
Body:			&lt;none&gt;
{
    &quot;meta&quot;: {
        &quot;code&quot;: 400,
        &quot;msg&quot;: &quot;An error occured while load product&quot;
    },
    &quot;error&quot;: &quot;&quot;,
    &quot;data&quot;: {
        
    }
}
</stdout>
          <failedSince>506</failedSince>
        </case>
        <case>
          <duration>0.303</duration>
          <className>test.tc_get.get_productmatches_apps</className>
          <testName>getproductmatches_apps</testName>
          <skipped>false</skipped>
          <failedSince>0</failedSince>
        </case>
        <case>
          <duration>0.05</duration>
          <className>test.tc_get.get_products_web</className>
          <testName>getproducts_web</testName>
          <skipped>false</skipped>
          <errorStackTrace>java.lang.IllegalArgumentException: Cannot invoke method getAt() on null object
	at test.tc_get.get_products_web.getproducts_web(get_products_web.java:39)
Caused by: java.lang.NullPointerException: Cannot invoke method getAt() on null object
	at test.tc_get.get_products_web.getproducts_web(get_products_web.java:39)
</errorStackTrace>
          <errorDetails>Cannot invoke method getAt() on null object</errorDetails>
          <stdout>Request method:	GET
Request URI:	https://api.femaledaily.com/app/v1/products?cat_slugs=liquid
Proxy:			&lt;none&gt;
Request params:	&lt;none&gt;
Query params:	&lt;none&gt;
Form params:	&lt;none&gt;
Path params:	&lt;none&gt;
Headers:		version=1.5
				device=3
				key=client03-TSbs94s3q5H9PP2yNPBr
				Accept=*/*
Cookies:		&lt;none&gt;
Multiparts:		&lt;none&gt;
Body:			&lt;none&gt;
{
    &quot;meta&quot;: {
        &quot;code&quot;: 400,
        &quot;msg&quot;: &quot;An error occured while load product&quot;
    },
    &quot;error&quot;: &quot;&quot;,
    &quot;data&quot;: {
        
    }
}
</stdout>
          <failedSince>507</failedSince>
        </case>
        <case>
          <duration>0.099</duration>
          <className>test.tc_get.get_productsimilar</className>
          <testName>getproductsimilar_apps</testName>
          <skipped>false</skipped>
          <failedSince>0</failedSince>
        </case>
        <case>
          <duration>0.127</duration>
          <className>test.tc_get.get_productssimilar_web</className>
          <testName>getproductssimilar_web</testName>
          <skipped>false</skipped>
          <failedSince>0</failedSince>
        </case>
        <case>
          <duration>0.161</duration>
          <className>test.tc_get.get_reviewdetail_web</className>
          <testName>getreviewdetail_web</testName>
          <skipped>false</skipped>
          <failedSince>0</failedSince>
        </case>
        <case>
          <duration>0.111</duration>
          <className>test.tc_get.get_reviewlist_web</className>
          <testName>getreview_web</testName>
          <skipped>false</skipped>
          <failedSince>0</failedSince>
        </case>
        <case>
          <duration>0.12</duration>
          <className>test.tc_get.get_suggestedEnthusiastUserid</className>
          <testName>get_suggestedEnthusiastUserid</testName>
          <skipped>false</skipped>
          <failedSince>0</failedSince>
        </case>
        <case>
          <duration>0.69</duration>
          <className>test.tc_get.get_userbrand</className>
          <testName>getuserbrand</testName>
          <skipped>false</skipped>
          <failedSince>0</failedSince>
        </case>
        <case>
          <duration>0.002</duration>
          <className>test.tc_get.get_userfeed</className>
          <testName>getuserfeed</testName>
          <skipped>false</skipped>
          <failedSince>0</failedSince>
        </case>
        <case>
          <duration>0.125</duration>
          <className>test.tc_get.get_userpredifined</className>
          <testName>getuserpredefined_web</testName>
          <skipped>false</skipped>
          <failedSince>0</failedSince>
        </case>
        <case>
          <duration>0.134</duration>
          <className>test.tc_get.get_productsearch_apps</className>
          <testName>getproductsearch_apps</testName>
          <skipped>false</skipped>
          <failedSince>0</failedSince>
        </case>
        <case>
          <duration>0.147</duration>
          <className>test.tc_get.get_productsearch_web</className>
          <testName>getproductsearch_web</testName>
          <skipped>false</skipped>
          <failedSince>0</failedSince>
        </case>
        <case>
          <duration>5.606</duration>
          <className>test.tc_get.get_editorchoice_web</className>
          <testName>geteditorchoice_web</testName>
          <skipped>false</skipped>
          <failedSince>0</failedSince>
        </case>
        <case>
          <duration>0.097</duration>
          <className>test.tc_get.get_userProfile_apps</className>
          <testName>run_post_login</testName>
          <skipped>false</skipped>
          <failedSince>0</failedSince>
        </case>
        <case>
          <duration>0.214</duration>
          <className>test.tc_get.get_userProfile_apps</className>
          <testName>getuserprofile_apps</testName>
          <skipped>false</skipped>
          <failedSince>0</failedSince>
        </case>
        <case>
          <duration>0.213</duration>
          <className>test.tc_post.post_addproduct</className>
          <testName>run_add_product</testName>
          <skipped>false</skipped>
          <failedSince>0</failedSince>
        </case>
        <case>
          <duration>0.092</duration>
          <className>test.tc_post.post_addreview_web</className>
          <testName>postaddreview_web</testName>
          <skipped>false</skipped>
          <failedSince>0</failedSince>
        </case>
        <case>
          <duration>0.072</duration>
          <className>test.tc_post.post_forgetpassword_apps</className>
          <testName>runpostlogin_web</testName>
          <skipped>false</skipped>
          <failedSince>0</failedSince>
        </case>
        <case>
          <duration>0.068</duration>
          <className>test.tc_post.post_forgetpassword_web</className>
          <testName>runpostlogin_web</testName>
          <skipped>false</skipped>
          <failedSince>0</failedSince>
        </case>
        <case>
          <duration>0.119</duration>
          <className>test.tc_post.post_likepost_web</className>
          <testName>postlikepost_web</testName>
          <skipped>false</skipped>
          <failedSince>0</failedSince>
        </case>
        <case>
          <duration>0.085</duration>
          <className>test.tc_post.post_likereview_apps</className>
          <testName>postlikereview_apps</testName>
          <skipped>false</skipped>
          <failedSince>0</failedSince>
        </case>
        <case>
          <duration>0.082</duration>
          <className>test.tc_post.post_likereview_web</className>
          <testName>postlikereview_apps</testName>
          <skipped>false</skipped>
          <failedSince>0</failedSince>
        </case>
        <case>
          <duration>0.077</duration>
          <className>test.tc_post.post_login_apps</className>
          <testName>runpostlogin_apps</testName>
          <skipped>false</skipped>
          <failedSince>0</failedSince>
        </case>
        <case>
          <duration>0.07</duration>
          <className>test.tc_post.post_login_web</className>
          <testName>runpostlogin_web</testName>
          <skipped>false</skipped>
          <failedSince>0</failedSince>
        </case>
        <case>
          <duration>0.07</duration>
          <className>test.tc_post.post_usercommentpost_web</className>
          <testName>postusercommentpost_web</testName>
          <skipped>false</skipped>
          <failedSince>0</failedSince>
        </case>
        <case>
          <duration>0.154</duration>
          <className>test.tc_post.post_userpost_apps</className>
          <testName>postuserpost_apps</testName>
          <skipped>false</skipped>
          <failedSince>0</failedSince>
        </case>
        <case>
          <duration>0.125</duration>
          <className>test.tc_post.post_userposttagging_apps</className>
          <testName>postuserposttagging_apps</testName>
          <skipped>false</skipped>
          <failedSince>0</failedSince>
        </case>
        <case>
          <duration>0.078</duration>
          <className>test.tc_post.post_discover_apps</className>
          <testName>postdiscover_apps</testName>
          <skipped>false</skipped>
          <failedSince>0</failedSince>
        </case>
        <case>
          <duration>0.067</duration>
          <className>test.tc_post.post_followsuggested_web</className>
          <testName>run_post_login</testName>
          <skipped>false</skipped>
          <failedSince>0</failedSince>
        </case>
        <case>
          <duration>0.339</duration>
          <className>test.tc_post.post_followuser_apps</className>
          <testName>postfollowuser_apps</testName>
          <skipped>false</skipped>
          <failedSince>0</failedSince>
        </case>
        <case>
          <duration>0.083</duration>
          <className>test.tc_post.post_followuser_web</className>
          <testName>postfollowuser_web</testName>
          <skipped>false</skipped>
          <failedSince>0</failedSince>
        </case>
        <case>
          <duration>0.105</duration>
          <className>test.tc_post.post_followusers_apps</className>
          <testName>postfollowusers_apps</testName>
          <skipped>false</skipped>
          <failedSince>0</failedSince>
        </case>
        <case>
          <duration>0.068</duration>
          <className>test.tc_post.post_likepost_apps</className>
          <testName>runpostlogin_apps</testName>
          <skipped>false</skipped>
          <failedSince>0</failedSince>
        </case>
        <case>
          <duration>0.065</duration>
          <className>test.tc_post.post_register_apps</className>
          <testName>run_post_register</testName>
          <skipped>false</skipped>
          <failedSince>0</failedSince>
        </case>
        <case>
          <duration>0.059</duration>
          <className>test.tc_post.post_register_web</className>
          <testName>run_post_register</testName>
          <skipped>false</skipped>
          <failedSince>0</failedSince>
        </case>
        <case>
          <duration>0.066</duration>
          <className>test.tc_post.post_usercommentreview_web</className>
          <testName>runpostlogin_web</testName>
          <skipped>false</skipped>
          <failedSince>0</failedSince>
        </case>
        <case>
          <duration>0.074</duration>
          <className>test.tc_post.post_followsuggested_web</className>
          <testName>postfollowsuggested_web</testName>
          <skipped>false</skipped>
          <failedSince>0</failedSince>
        </case>
        <case>
          <duration>0.103</duration>
          <className>test.tc_post.post_likepost_apps</className>
          <testName>postlikepost_apps</testName>
          <skipped>false</skipped>
          <failedSince>0</failedSince>
        </case>
        <case>
          <duration>0.152</duration>
          <className>test.tc_post.post_register_apps</className>
          <testName>getuserprofile_apps</testName>
          <skipped>false</skipped>
          <failedSince>0</failedSince>
        </case>
        <case>
          <duration>0.16</duration>
          <className>test.tc_post.post_register_web</className>
          <testName>getuserprofile_web</testName>
          <skipped>false</skipped>
          <failedSince>0</failedSince>
        </case>
        <case>
          <duration>0.063</duration>
          <className>test.tc_post.post_usercommentreview_web</className>
          <testName>postusercommentreview_web</testName>
          <skipped>false</skipped>
          <failedSince>0</failedSince>
        </case>
        <case>
          <duration>1.106</duration>
          <className>test.tc_put.put_profileinfo_web</className>
          <testName>putprofileinfo_web</testName>
          <skipped>false</skipped>
          <failedSince>0</failedSince>
        </case>
        <case>
          <duration>1.174</duration>
          <className>test.tc_put.put_profileinfo_apps</className>
          <testName>putprofileinfo_apps</testName>
          <skipped>false</skipped>
          <failedSince>0</failedSince>
        </case>
        <case>
          <duration>0.09</duration>
          <className>test.tc_put.put_profilecomplete_apps</className>
          <testName>runpostlogin_apps</testName>
          <skipped>false</skipped>
          <failedSince>0</failedSince>
        </case>
        <case>
          <duration>0.084</duration>
          <className>test.tc_put.put_profilecomplete_web</className>
          <testName>runpostlogin_web</testName>
          <skipped>false</skipped>
          <failedSince>0</failedSince>
        </case>
        <case>
          <duration>0.093</duration>
          <className>test.tc_put.put_userpost_apps</className>
          <testName>runpostlogin_apps</testName>
          <skipped>false</skipped>
          <failedSince>0</failedSince>
        </case>
        <case>
          <duration>0.083</duration>
          <className>test.tc_put.put_userreview_apps</className>
          <testName>runpostlogin_apps</testName>
          <skipped>false</skipped>
          <failedSince>0</failedSince>
        </case>
        <case>
          <duration>0.07</duration>
          <className>test.tc_put.put_userreview_web</className>
          <testName>runpostlogin_apps</testName>
          <skipped>false</skipped>
          <failedSince>0</failedSince>
        </case>
        <case>
          <duration>0.213</duration>
          <className>test.tc_put.put_profilecomplete_apps</className>
          <testName>putprofilecomplete_apps</testName>
          <skipped>false</skipped>
          <failedSince>0</failedSince>
        </case>
        <case>
          <duration>0.238</duration>
          <className>test.tc_put.put_profilecomplete_web</className>
          <testName>putprofilecomplete_web</testName>
          <skipped>false</skipped>
          <failedSince>0</failedSince>
        </case>
        <case>
          <duration>0.068</duration>
          <className>test.tc_put.put_userpost_apps</className>
          <testName>putuserpost_apps</testName>
          <skipped>false</skipped>
          <failedSince>0</failedSince>
        </case>
        <case>
          <duration>0.139</duration>
          <className>test.tc_put.put_userreview_apps</className>
          <testName>putuserreview_apps</testName>
          <skipped>false</skipped>
          <failedSince>0</failedSince>
        </case>
        <case>
          <duration>0.099</duration>
          <className>test.tc_put.put_userreview_web</className>
          <testName>putuserreview_apps</testName>
          <skipped>false</skipped>
          <failedSince>0</failedSince>
        </case>
        <case>
          <duration>0.083</duration>
          <className>test.tc_talk_get.get_popularGroup</className>
          <testName>getpopularGroup</testName>
          <skipped>false</skipped>
          <failedSince>0</failedSince>
        </case>
        <case>
          <duration>0.124</duration>
          <className>test.tc_talk_get.get_recenttalk</className>
          <testName>getrecentalk_web</testName>
          <skipped>false</skipped>
          <failedSince>0</failedSince>
        </case>
      </cases>
    </suite>
  </suites>
  <duration>27.417</duration>
  <keepLongStdio>false</keepLongStdio>
</result>